<?xml version="1.0" encoding="UTF-8"?>
<!-- Generated by org.testng.reporters.JUnitReportReporter -->
<testsuite hostname="DESKTOP-7FHSAFT" failures="0" tests="1" name="QAAutomation.HomePage" time="10.371" errors="0" timestamp="2022-06-24T22:16:41 AST" skipped="0">
  <testcase classname="QAAutomation.HomePage" name="NavigationPage" time="10.371"/>
  <system-out/>
</testsuite> <!-- QAAutomation.HomePage -->
